calendar.ksoc.co
calendar.secureserver.net
demo.ksoc.co
dev-1419398155.us-west-2.elb.amazonaws.com
dev.ksoc.co
dev1.ksoc.co
email.ksoc.co
email.secureserver.net
fax.ksoc.co
fax.secureserver.net
files.ksoc.co
files.secureserver.net
ftp.ksoc.co
imap.ksoc.co
imap.secureserver.net
ksoc-ellb-468864611.us-west-2.elb.amazonaws.com
ksoc.co
mail.ksoc.co
mobilemail-v01.prod.mesa1.secureserver.net
mobilemail.ksoc.co
p3plfteweb-v04.prod.phx3.secureserver.net
pop.ksoc.co
pop.secureserver.net
qa-elb-1394763590.us-west-2.elb.amazonaws.com
qa.ksoc.co
smtp.ksoc.co
smtp.secureserver.net
staging-1873124218.us-west-2.elb.amazonaws.com
staging.ksoc.co
video.ksoc.co
www.ksoc.co
